# JRE version: Java(TM) SE Runtime Environment (7.0_51-b13) (build 1.7.0_51-b13)
# Java VM: Java HotSpot(TM) 64-Bit Server VM (24.51-b03 mixed mode bsd-amd64 compressed oops)
Heap
 PSYoungGen      total 19456K, used 2994K [0x00000007eaa80000, 0x00000007ecf00000, 0x0000000800000000)
  eden space 16896K, 2% used [0x00000007eaa80000,0x00000007eaaf4988,0x00000007ebb00000)
  from space 2560K, 98% used [0x00000007ebb00000,0x00000007ebd78030,0x00000007ebd80000)
  to   space 10240K, 0% used [0x00000007ec500000,0x00000007ec500000,0x00000007ecf00000)
 ParOldGen       total 43520K, used 16184K [0x00000007c0000000, 0x00000007c2a80000, 0x00000007eaa80000)
  object space 43520K, 37% used [0x00000007c0000000,0x00000007c0fce258,0x00000007c2a80000)
 PSPermGen       total 21504K, used 11978K [0x00000007bae00000, 0x00000007bc300000, 0x00000007c0000000)
  object space 21504K, 55% used [0x00000007bae00000,0x00000007bb9b2bd0,0x00000007bc300000)
GC Heap History (10 events):
Event: 0,631 GC heap before
{Heap before GC invocations=1 (full 0):
 PSYoungGen      total 19456K, used 16896K [0x00000007eaa80000, 0x00000007ec000000, 0x0000000800000000)
  eden space 16896K, 100% used [0x00000007eaa80000,0x00000007ebb00000,0x00000007ebb00000)
  from space 2560K, 0% used [0x00000007ebd80000,0x00000007ebd80000,0x00000007ec000000)
  to   space 2560K, 0% used [0x00000007ebb00000,0x00000007ebb00000,0x00000007ebd80000)
 ParOldGen       total 43520K, used 0K [0x00000007c0000000, 0x00000007c2a80000, 0x00000007eaa80000)
  object space 43520K, 0% used [0x00000007c0000000,0x00000007c0000000,0x00000007c2a80000)
 PSPermGen       total 21504K, used 5790K [0x00000007bae00000, 0x00000007bc300000, 0x00000007c0000000)
  object space 21504K, 26% used [0x00000007bae00000,0x00000007bb3a7aa0,0x00000007bc300000)
Event: 0,635 GC heap after
Heap after GC invocations=1 (full 0):
 PSYoungGen      total 19456K, used 2553K [0x00000007eaa80000, 0x00000007ec000000, 0x0000000800000000)
  eden space 16896K, 0% used [0x00000007eaa80000,0x00000007eaa80000,0x00000007ebb00000)
  from space 2560K, 99% used [0x00000007ebb00000,0x00000007ebd7e5b8,0x00000007ebd80000)
  to   space 2560K, 0% used [0x00000007ebd80000,0x00000007ebd80000,0x00000007ec000000)
 ParOldGen       total 43520K, used 591K [0x00000007c0000000, 0x00000007c2a80000, 0x00000007eaa80000)
  object space 43520K, 1% used [0x00000007c0000000,0x00000007c0093ee0,0x00000007c2a80000)
 PSPermGen       total 21504K, used 5790K [0x00000007bae00000, 0x00000007bc300000, 0x00000007c0000000)
  object space 21504K, 26% used [0x00000007bae00000,0x00000007bb3a7aa0,0x00000007bc300000)
}
Event: 1,316 GC heap before
{Heap before GC invocations=2 (full 0):
 PSYoungGen      total 19456K, used 19449K [0x00000007eaa80000, 0x00000007ec000000, 0x0000000800000000)
  eden space 16896K, 100% used [0x00000007eaa80000,0x00000007ebb00000,0x00000007ebb00000)
  from space 2560K, 99% used [0x00000007ebb00000,0x00000007ebd7e5b8,0x00000007ebd80000)
  to   space 2560K, 0% used [0x00000007ebd80000,0x00000007ebd80000,0x00000007ec000000)
 ParOldGen       total 43520K, used 591K [0x00000007c0000000, 0x00000007c2a80000, 0x00000007eaa80000)
  object space 43520K, 1% used [0x00000007c0000000,0x00000007c0093ee0,0x00000007c2a80000)
 PSPermGen       total 21504K, used 9671K [0x00000007bae00000, 0x00000007bc300000, 0x00000007c0000000)
  object space 21504K, 44% used [0x00000007bae00000,0x00000007bb771cb0,0x00000007bc300000)
Event: 1,322 GC heap after
Heap after GC invocations=2 (full 0):
 PSYoungGen      total 19456K, used 2528K [0x00000007eaa80000, 0x00000007ec000000, 0x0000000800000000)
  eden space 16896K, 0% used [0x00000007eaa80000,0x00000007eaa80000,0x00000007ebb00000)
  from space 2560K, 98% used [0x00000007ebd80000,0x00000007ebff8040,0x00000007ec000000)
  to   space 2560K, 0% used [0x00000007ebb00000,0x00000007ebb00000,0x00000007ebd80000)
 ParOldGen       total 43520K, used 2204K [0x00000007c0000000, 0x00000007c2a80000, 0x00000007eaa80000)
  object space 43520K, 5% used [0x00000007c0000000,0x00000007c0227370,0x00000007c2a80000)
 PSPermGen       total 21504K, used 9671K [0x00000007bae00000, 0x00000007bc300000, 0x00000007c0000000)
  object space 21504K, 44% used [0x00000007bae00000,0x00000007bb771cb0,0x00000007bc300000)
}
Event: 36,733 GC heap before
{Heap before GC invocations=3 (full 0):
 PSYoungGen      total 19456K, used 18722K [0x00000007eaa80000, 0x00000007ec000000, 0x0000000800000000)
  eden space 16896K, 95% used [0x00000007eaa80000,0x00000007eba50968,0x00000007ebb00000)
  from space 2560K, 98% used [0x00000007ebd80000,0x00000007ebff8040,0x00000007ec000000)
  to   space 2560K, 0% used [0x00000007ebb00000,0x00000007ebb00000,0x00000007ebd80000)
 ParOldGen       total 43520K, used 2204K [0x00000007c0000000, 0x00000007c2a80000, 0x00000007eaa80000)
  object space 43520K, 5% used [0x00000007c0000000,0x00000007c0227370,0x00000007c2a80000)
 PSPermGen       total 21504K, used 10996K [0x00000007bae00000, 0x00000007bc300000, 0x00000007c0000000)
  object space 21504K, 51% used [0x00000007bae00000,0x00000007bb8bd3c8,0x00000007bc300000)
Event: 36,740 GC heap after
Heap after GC invocations=3 (full 0):
 PSYoungGen      total 19456K, used 2528K [0x00000007eaa80000, 0x00000007ec000000, 0x0000000800000000)
  eden space 16896K, 0% used [0x00000007eaa80000,0x00000007eaa80000,0x00000007ebb00000)
  from space 2560K, 98% used [0x00000007ebb00000,0x00000007ebd78020,0x00000007ebd80000)
  to   space 2560K, 0% used [0x00000007ebd80000,0x00000007ebd80000,0x00000007ec000000)
 ParOldGen       total 43520K, used 3882K [0x00000007c0000000, 0x00000007c2a80000, 0x00000007eaa80000)
  object space 43520K, 8% used [0x00000007c0000000,0x00000007c03caaf8,0x00000007c2a80000)
 PSPermGen       total 21504K, used 10996K [0x00000007bae00000, 0x00000007bc300000, 0x00000007c0000000)
  object space 21504K, 51% used [0x00000007bae00000,0x00000007bb8bd3c8,0x00000007bc300000)
}
Event: 37,088 GC heap before
{Heap before GC invocations=4 (full 0):
 PSYoungGen      total 19456K, used 19424K [0x00000007eaa80000, 0x00000007ec000000, 0x0000000800000000)
  eden space 16896K, 100% used [0x00000007eaa80000,0x00000007ebb00000,0x00000007ebb00000)
  from space 2560K, 98% used [0x00000007ebb00000,0x00000007ebd78020,0x00000007ebd80000)
  to   space 2560K, 0% used [0x00000007ebd80000,0x00000007ebd80000,0x00000007ec000000)
 ParOldGen       total 43520K, used 3882K [0x00000007c0000000, 0x00000007c2a80000, 0x00000007eaa80000)
  object space 43520K, 8% used [0x00000007c0000000,0x00000007c03caaf8,0x00000007c2a80000)
 PSPermGen       total 21504K, used 11798K [0x00000007bae00000, 0x00000007bc300000, 0x00000007c0000000)
  object space 21504K, 54% used [0x00000007bae00000,0x00000007bb985900,0x00000007bc300000)
Event: 37,098 GC heap after
Heap after GC invocations=4 (full 0):
 PSYoungGen      total 19456K, used 2544K [0x00000007eaa80000, 0x00000007ed080000, 0x0000000800000000)
  eden space 16896K, 0% used [0x00000007eaa80000,0x00000007eaa80000,0x00000007ebb00000)
  from space 2560K, 99% used [0x00000007ebd80000,0x00000007ebffc020,0x00000007ec000000)
  to   space 2560K, 0% used [0x00000007ebb00000,0x00000007ebb00000,0x00000007ebd80000)
 ParOldGen       total 43520K, used 10597K [0x00000007c0000000, 0x00000007c2a80000, 0x00000007eaa80000)
  object space 43520K, 24% used [0x00000007c0000000,0x00000007c0a59768,0x00000007c2a80000)
 PSPermGen       total 21504K, used 11798K [0x00000007bae00000, 0x00000007bc300000, 0x00000007c0000000)
  object space 21504K, 54% used [0x00000007bae00000,0x00000007bb985900,0x00000007bc300000)
}
Event: 136,911 GC heap before
{Heap before GC invocations=5 (full 0):
 PSYoungGen      total 19456K, used 19440K [0x00000007eaa80000, 0x00000007ed080000, 0x0000000800000000)
  eden space 16896K, 100% used [0x00000007eaa80000,0x00000007ebb00000,0x00000007ebb00000)
  from space 2560K, 99% used [0x00000007ebd80000,0x00000007ebffc020,0x00000007ec000000)
  to   space 2560K, 0% used [0x00000007ebb00000,0x00000007ebb00000,0x00000007ebd80000)
 ParOldGen       total 43520K, used 10597K [0x00000007c0000000, 0x00000007c2a80000, 0x00000007eaa80000)
  object space 43520K, 24% used [0x00000007c0000000,0x00000007c0a59768,0x00000007c2a80000)
 PSPermGen       total 21504K, used 11957K [0x00000007bae00000, 0x00000007bc300000, 0x00000007c0000000)
  object space 21504K, 55% used [0x00000007bae00000,0x00000007bb9ad510,0x00000007bc300000)
Event: 136,922 GC heap after
Heap after GC invocations=5 (full 0):
 PSYoungGen      total 19456K, used 2528K [0x00000007eaa80000, 0x00000007ecf00000, 0x0000000800000000)
  eden space 16896K, 0% used [0x00000007eaa80000,0x00000007eaa80000,0x00000007ebb00000)
  from space 2560K, 98% used [0x00000007ebb00000,0x00000007ebd78030,0x00000007ebd80000)
  to   space 10240K, 0% used [0x00000007ec500000,0x00000007ec500000,0x00000007ecf00000)
 ParOldGen       total 43520K, used 16184K [0x00000007c0000000, 0x00000007c2a80000, 0x00000007eaa80000)
  object space 43520K, 37% used [0x00000007c0000000,0x00000007c0fce258,0x00000007c2a80000)
 PSPermGen       total 21504K, used 11957K [0x00000007bae00000, 0x00000007bc300000, 0x00000007c0000000)
  object space 21504K, 55% used [0x00000007bae00000,0x00000007bb9ad510,0x00000007bc300000)
}

